# JRE version: Java(TM) SE Runtime Environment (8.0_91-b14) (build 1.8.0_91-b14)
# Java VM: Java HotSpot(TM) 64-Bit Server VM (25.91-b14 mixed mode windows-amd64 compressed oops)
Heap:
 PSYoungGen      total 72704K, used 41233K [0x00000000eab00000, 0x00000000f2a80000, 0x0000000100000000)
  eden space 64000K, 53% used [0x00000000eab00000,0x00000000eccac170,0x00000000ee980000)
  from space 8704K, 77% used [0x00000000ee980000,0x00000000ef018448,0x00000000ef200000)
  to   space 9216K, 0% used [0x00000000f2180000,0x00000000f2180000,0x00000000f2a80000)
 ParOldGen       total 34304K, used 9145K [0x00000000c0000000, 0x00000000c2180000, 0x00000000eab00000)
  object space 34304K, 26% used [0x00000000c0000000,0x00000000c08ee7e8,0x00000000c2180000)
 Metaspace       used 28532K, capacity 29014K, committed 29312K, reserved 1075200K
  class space    used 3982K, capacity 4158K, committed 4224K, reserved 1048576K
GC Heap History (10 events):
Event: 2.451 GC heap before
{Heap before GC invocations=4 (full 0):
 PSYoungGen      total 18944K, used 18912K [0x00000000eab00000, 0x00000000ed000000, 0x0000000100000000)
  eden space 16384K, 100% used [0x00000000eab00000,0x00000000ebb00000,0x00000000ebb00000)
  from space 2560K, 98% used [0x00000000ebb00000,0x00000000ebd78040,0x00000000ebd80000)
  to   space 2560K, 0% used [0x00000000ecd80000,0x00000000ecd80000,0x00000000ed000000)
 ParOldGen       total 44032K, used 1752K [0x00000000c0000000, 0x00000000c2b00000, 0x00000000eab00000)
  object space 44032K, 3% used [0x00000000c0000000,0x00000000c01b6348,0x00000000c2b00000)
 Metaspace       used 12233K, capacity 12488K, committed 12544K, reserved 1060864K
  class space    used 1683K, capacity 1768K, committed 1792K, reserved 1048576K
Event: 2.502 GC heap after
Heap after GC invocations=4 (full 0):
 PSYoungGen      total 35328K, used 2528K [0x00000000eab00000, 0x00000000ed000000, 0x0000000100000000)
  eden space 32768K, 0% used [0x00000000eab00000,0x00000000eab00000,0x00000000ecb00000)
  from space 2560K, 98% used [0x00000000ecd80000,0x00000000ecff8020,0x00000000ed000000)
  to   space 2560K, 0% used [0x00000000ecb00000,0x00000000ecb00000,0x00000000ecd80000)
 ParOldGen       total 44032K, used 4048K [0x00000000c0000000, 0x00000000c2b00000, 0x00000000eab00000)
  object space 44032K, 9% used [0x00000000c0000000,0x00000000c03f42c8,0x00000000c2b00000)
 Metaspace       used 12233K, capacity 12488K, committed 12544K, reserved 1060864K
  class space    used 1683K, capacity 1768K, committed 1792K, reserved 1048576K
}
Event: 3.642 GC heap before
{Heap before GC invocations=5 (full 0):
 PSYoungGen      total 35328K, used 35296K [0x00000000eab00000, 0x00000000ed000000, 0x0000000100000000)
  eden space 32768K, 100% used [0x00000000eab00000,0x00000000ecb00000,0x00000000ecb00000)
  from space 2560K, 98% used [0x00000000ecd80000,0x00000000ecff8020,0x00000000ed000000)
  to   space 2560K, 0% used [0x00000000ecb00000,0x00000000ecb00000,0x00000000ecd80000)
 ParOldGen       total 44032K, used 4048K [0x00000000c0000000, 0x00000000c2b00000, 0x00000000eab00000)
  object space 44032K, 9% used [0x00000000c0000000,0x00000000c03f42c8,0x00000000c2b00000)
 Metaspace       used 15644K, capacity 16014K, committed 16256K, reserved 1062912K
  class space    used 2239K, capacity 2345K, committed 2432K, reserved 1048576K
Event: 3.910 GC heap after
Heap after GC invocations=5 (full 0):
 PSYoungGen      total 35328K, used 2528K [0x00000000eab00000, 0x00000000ef900000, 0x0000000100000000)
  eden space 32768K, 0% used [0x00000000eab00000,0x00000000eab00000,0x00000000ecb00000)
  from space 2560K, 98% used [0x00000000ecb00000,0x00000000ecd78020,0x00000000ecd80000)
  to   space 7168K, 0% used [0x00000000ef200000,0x00000000ef200000,0x00000000ef900000)
 ParOldGen       total 44032K, used 8293K [0x00000000c0000000, 0x00000000c2b00000, 0x00000000eab00000)
  object space 44032K, 18% used [0x00000000c0000000,0x00000000c0819690,0x00000000c2b00000)
 Metaspace       used 15644K, capacity 16014K, committed 16256K, reserved 1062912K
  class space    used 2239K, capacity 2345K, committed 2432K, reserved 1048576K
}
Event: 5.080 GC heap before
{Heap before GC invocations=6 (full 0):
 PSYoungGen      total 35328K, used 33742K [0x00000000eab00000, 0x00000000ef900000, 0x0000000100000000)
  eden space 32768K, 95% used [0x00000000eab00000,0x00000000ec97b870,0x00000000ecb00000)
  from space 2560K, 98% used [0x00000000ecb00000,0x00000000ecd78020,0x00000000ecd80000)
  to   space 7168K, 0% used [0x00000000ef200000,0x00000000ef200000,0x00000000ef900000)
 ParOldGen       total 44032K, used 8293K [0x00000000c0000000, 0x00000000c2b00000, 0x00000000eab00000)
  object space 44032K, 18% used [0x00000000c0000000,0x00000000c0819690,0x00000000c2b00000)
 Metaspace       used 20855K, capacity 21134K, committed 21248K, reserved 1067008K
  class space    used 2938K, capacity 3049K, committed 3072K, reserved 1048576K
Event: 5.106 GC heap after
Heap after GC invocations=6 (full 0):
 PSYoungGen      total 71168K, used 7138K [0x00000000eab00000, 0x00000000efc00000, 0x0000000100000000)
  eden space 64000K, 0% used [0x00000000eab00000,0x00000000eab00000,0x00000000ee980000)
  from space 7168K, 99% used [0x00000000ef200000,0x00000000ef8f8800,0x00000000ef900000)
  to   space 8704K, 0% used [0x00000000ee980000,0x00000000ee980000,0x00000000ef200000)
 ParOldGen       total 44032K, used 8721K [0x00000000c0000000, 0x00000000c2b00000, 0x00000000eab00000)
  object space 44032K, 19% used [0x00000000c0000000,0x00000000c08847c8,0x00000000c2b00000)
 Metaspace       used 20855K, capacity 21134K, committed 21248K, reserved 1067008K
  class space    used 2938K, capacity 3049K, committed 3072K, reserved 1048576K
}
Event: 5.107 GC heap before
{Heap before GC invocations=7 (full 1):
 PSYoungGen      total 71168K, used 7138K [0x00000000eab00000, 0x00000000efc00000, 0x0000000100000000)
  eden space 64000K, 0% used [0x00000000eab00000,0x00000000eab00000,0x00000000ee980000)
  from space 7168K, 99% used [0x00000000ef200000,0x00000000ef8f8800,0x00000000ef900000)
  to   space 8704K, 0% used [0x00000000ee980000,0x00000000ee980000,0x00000000ef200000)
 ParOldGen       total 44032K, used 8721K [0x00000000c0000000, 0x00000000c2b00000, 0x00000000eab00000)
  object space 44032K, 19% used [0x00000000c0000000,0x00000000c08847c8,0x00000000c2b00000)
 Metaspace       used 20855K, capacity 21134K, committed 21248K, reserved 1067008K
  class space    used 2938K, capacity 3049K, committed 3072K, reserved 1048576K
Event: 5.185 GC heap after
Heap after GC invocations=7 (full 1):
 PSYoungGen      total 71168K, used 0K [0x00000000eab00000, 0x00000000efc00000, 0x0000000100000000)
  eden space 64000K, 0% used [0x00000000eab00000,0x00000000eab00000,0x00000000ee980000)
  from space 7168K, 0% used [0x00000000ef200000,0x00000000ef200000,0x00000000ef900000)
  to   space 8704K, 0% used [0x00000000ee980000,0x00000000ee980000,0x00000000ef200000)
 ParOldGen       total 34304K, used 9137K [0x00000000c0000000, 0x00000000c2180000, 0x00000000eab00000)
  object space 34304K, 26% used [0x00000000c0000000,0x00000000c08ec7e8,0x00000000c2180000)
 Metaspace       used 20855K, capacity 21134K, committed 21248K, reserved 1067008K
  class space    used 2938K, capacity 3049K, committed 3072K, reserved 1048576K
}
Event: 7.433 GC heap before
{Heap before GC invocations=8 (full 1):
 PSYoungGen      total 71168K, used 64000K [0x00000000eab00000, 0x00000000efc00000, 0x0000000100000000)
  eden space 64000K, 100% used [0x00000000eab00000,0x00000000ee980000,0x00000000ee980000)
  from space 7168K, 0% used [0x00000000ef200000,0x00000000ef200000,0x00000000ef900000)
  to   space 8704K, 0% used [0x00000000ee980000,0x00000000ee980000,0x00000000ef200000)
 ParOldGen       total 34304K, used 9137K [0x00000000c0000000, 0x00000000c2180000, 0x00000000eab00000)
  object space 34304K, 26% used [0x00000000c0000000,0x00000000c08ec7e8,0x00000000c2180000)
 Metaspace       used 25675K, capacity 26066K, committed 26368K, reserved 1071104K
  class space    used 3637K, capacity 3770K, committed 3840K, reserved 1048576K
Event: 7.483 GC heap after
Heap after GC invocations=8 (full 1):
 PSYoungGen      total 72704K, used 6753K [0x00000000eab00000, 0x00000000f2a80000, 0x0000000100000000)
  eden space 64000K, 0% used [0x00000000eab00000,0x00000000eab00000,0x00000000ee980000)
  from space 8704K, 77% used [0x00000000ee980000,0x00000000ef018448,0x00000000ef200000)
  to   space 9216K, 0% used [0x00000000f2180000,0x00000000f2180000,0x00000000f2a80000)
 ParOldGen       total 34304K, used 9145K [0x00000000c0000000, 0x00000000c2180000, 0x00000000eab00000)
  object space 34304K, 26% used [0x00000000c0000000,0x00000000c08ee7e8,0x00000000c2180000)
 Metaspace       used 25675K, capacity 26066K, committed 26368K, reserved 1071104K
  class space    used 3637K, capacity 3770K, committed 3840K, reserved 1048576K
}

